Using pre-set license
Built from '2020.2/release' branch; Version is '2020.2.2f1 (068178b99f32) revision 426360'; Using compiler version '192528614'; Build Type 'Release'
OS: 'Windows 10 Home Single Language; OS build 19042.928; Version 2009; 64bit' Language: 'es' Physical Memory: 32610 MB
BatchMode: 1, IsHumanControllingUs: 0, StartBugReporterOnCrash: 0, Is64bit: 1, IsPro: 0

 COMMAND LINE ARGUMENTS:
C:\Program Files\Unity\Hub\Editor\2020.2.2f1\Editor\Unity.exe
-adb2
-batchMode
-noUpm
-name
AssetImportWorker0
-projectPath
C:/Users/ivan0/Documents/docente/unity docente/Scripting
-logFile
Logs/AssetImportWorker0.log
-srvPort
63539
Successfully changed project path to: C:/Users/ivan0/Documents/docente/unity docente/Scripting
C:/Users/ivan0/Documents/docente/unity docente/Scripting
Using Asset Import Pipeline V2.
Refreshing native plugins compatible for Editor in 22.55 ms, found 0 plugins.
Preloading 0 native plugins for Editor in 0.00 ms.
Initialize engine version: 2020.2.2f1 (068178b99f32)
[Subsystems] Discovering subsystems at path C:/Program Files/Unity/Hub/Editor/2020.2.2f1/Editor/Data/Resources/UnitySubsystems
[Subsystems] Discovering subsystems at path C:/Users/ivan0/Documents/docente/unity docente/Scripting/Assets
GfxDevice: creating device client; threaded=0
Direct3D:
    Version:  Direct3D 11.0 [level 11.1]
    Renderer: NVIDIA GeForce GTX 1050 (ID=0x1c8d)
    Vendor:   
    VRAM:     4019 MB
    Driver:   27.21.14.6109
Initialize mono
Mono path[0] = 'C:/Program Files/Unity/Hub/Editor/2020.2.2f1/Editor/Data/Managed'
Mono path[1] = 'C:/Program Files/Unity/Hub/Editor/2020.2.2f1/Editor/Data/MonoBleedingEdge/lib/mono/unityjit'
Mono config path = 'C:/Program Files/Unity/Hub/Editor/2020.2.2f1/Editor/Data/MonoBleedingEdge/etc'
Using monoOptions --debugger-agent=transport=dt_socket,embedding=1,server=y,suspend=n,address=127.0.0.1:56872
Begin MonoManager ReloadAssembly
Registering precompiled unity dll's ...
Register platform support module: C:/Program Files/Unity/Hub/Editor/2020.2.2f1/Editor/Data/PlaybackEngines/WindowsStandaloneSupport/UnityEditor.WindowsStandalone.Extensions.dll
Registered in 0.001930 seconds.
Native extension for WindowsStandalone target not found
Refreshing native plugins compatible for Editor in 21.83 ms, found 0 plugins.
Preloading 0 native plugins for Editor in 0.00 ms.
Invoked RoslynAnalysisRunner static constructor.
RoslynAnalysisRunner will not be running.
RoslynAnalysisRunner has terminated.
Mono: successfully reloaded assembly
- Completed reload, in  1.021 seconds
Platform modules already initialized, skipping
Registering precompiled user dll's ...
Registered in 0.000647 seconds.
Begin MonoManager ReloadAssembly
Native extension for WindowsStandalone target not found
Refreshing native plugins compatible for Editor in 0.26 ms, found 0 plugins.
Preloading 0 native plugins for Editor in 0.00 ms.
Invoked RoslynAnalysisRunner static constructor.
RoslynAnalysisRunner will not be running.
RoslynAnalysisRunner has terminated.
Mono: successfully reloaded assembly
- Completed reload, in  0.825 seconds
Platform modules already initialized, skipping
========================================================================
Worker process is ready to serve import requests
Launched and connected shader compiler UnityShaderCompiler.exe after 0.04 seconds
Refreshing native plugins compatible for Editor in 0.19 ms, found 0 plugins.
Preloading 0 native plugins for Editor in 0.00 ms.
Unloading 1135 Unused Serialized files (Serialized files now loaded: 0)
System memory in use before: 58.6 MB.
System memory in use after: 58.6 MB.

Unloading 10 unused Assets to reduce memory usage. Loaded Objects now: 1577.
Total: 1.792400 ms (FindLiveObjects: 0.175300 ms CreateObjectMapping: 0.048100 ms MarkObjects: 1.495800 ms  DeleteObjects: 0.072300 ms)

========================================================================
Received Import Request.
  path: Assets/prefabs/3/player.prefab
  artifactKey: Guid(315cce61324df034bbbca3f660a21703) Importer(815301076,1909f56bfc062723c751e8b465ee728b)
Start importing Assets/prefabs/3/player.prefab using Guid(315cce61324df034bbbca3f660a21703) Importer(815301076,1909f56bfc062723c751e8b465ee728b)  -> (artifact id: 'bcbf0a3b77b54e55e682543258a62b07') in 0.102876 seconds
  Import took 0.104771 seconds .

========================================================================
Received Import Request.
  Time since last request: 0.000195 seconds.
  path: Assets/prefabs/3/Player 1.prefab
  artifactKey: Guid(b1fc58ad59b5f0e439920fb20e4a9857) Importer(815301076,1909f56bfc062723c751e8b465ee728b)
Start importing Assets/prefabs/3/Player 1.prefab using Guid(b1fc58ad59b5f0e439920fb20e4a9857) Importer(815301076,1909f56bfc062723c751e8b465ee728b)  -> (artifact id: 'd75b798488e72cfc076e64c366165ef5') in 0.049189 seconds
  Import took 0.051358 seconds .

========================================================================
Received Import Request.
  Time since last request: 21.767863 seconds.
  path: Assets/Scripts/3/PlayerNavMesh.cs
  artifactKey: Guid(1a5c2d40f485ef8489c4e9d6853e3f30) Importer(815301076,1909f56bfc062723c751e8b465ee728b)
Start importing Assets/Scripts/3/PlayerNavMesh.cs using Guid(1a5c2d40f485ef8489c4e9d6853e3f30) Importer(815301076,1909f56bfc062723c751e8b465ee728b)  -> (artifact id: '8ec0f5cb58bf0bb36d8133a2a8137dff') in 0.013721 seconds
  Import took 0.015610 seconds .

========================================================================
Received Import Request.
  Time since last request: 55.472138 seconds.
  path: Assets/Scripts/3/PlayerNavMesh.cs
  artifactKey: Guid(1a5c2d40f485ef8489c4e9d6853e3f30) Importer(815301076,1909f56bfc062723c751e8b465ee728b)
Start importing Assets/Scripts/3/PlayerNavMesh.cs using Guid(1a5c2d40f485ef8489c4e9d6853e3f30) Importer(815301076,1909f56bfc062723c751e8b465ee728b)  -> (artifact id: '5456f1bd1d4c0a19baaaae42018eb32b') in 0.002890 seconds
  Import took 0.004921 seconds .

========================================================================
Received Import Request.
  Time since last request: 13.697773 seconds.
  path: Assets/Scripts/3/PlayerNavMesh.cs
  artifactKey: Guid(1a5c2d40f485ef8489c4e9d6853e3f30) Importer(815301076,1909f56bfc062723c751e8b465ee728b)
Start importing Assets/Scripts/3/PlayerNavMesh.cs using Guid(1a5c2d40f485ef8489c4e9d6853e3f30) Importer(815301076,1909f56bfc062723c751e8b465ee728b)  -> (artifact id: 'e966daa900ecc34f03f652f305a4abcf') in 0.002536 seconds
  Import took 0.004332 seconds .

========================================================================
Received Prepare
Registering precompiled user dll's ...
Registered in 0.000618 seconds.
Begin MonoManager ReloadAssembly
Native extension for WindowsStandalone target not found
Refreshing native plugins compatible for Editor in 0.29 ms, found 0 plugins.
Preloading 0 native plugins for Editor in 0.00 ms.
Invoked RoslynAnalysisRunner static constructor.
RoslynAnalysisRunner will not be running.
RoslynAnalysisRunner has terminated.
Mono: successfully reloaded assembly
- Completed reload, in  0.737 seconds
Platform modules already initialized, skipping
Refreshing native plugins compatible for Editor in 0.19 ms, found 0 plugins.
Preloading 0 native plugins for Editor in 0.00 ms.
Unloading 1129 Unused Serialized files (Serialized files now loaded: 0)
System memory in use before: 72.8 MB.
System memory in use after: 72.9 MB.

Unloading 5 unused Assets to reduce memory usage. Loaded Objects now: 1588.
Total: 1.602800 ms (FindLiveObjects: 0.170200 ms CreateObjectMapping: 0.034900 ms MarkObjects: 1.354600 ms  DeleteObjects: 0.041800 ms)

========================================================================
Received Prepare
Registering precompiled user dll's ...
Registered in 0.000623 seconds.
Begin MonoManager ReloadAssembly
Native extension for WindowsStandalone target not found
Refreshing native plugins compatible for Editor in 0.19 ms, found 0 plugins.
Preloading 0 native plugins for Editor in 0.00 ms.
Invoked RoslynAnalysisRunner static constructor.
RoslynAnalysisRunner will not be running.
RoslynAnalysisRunner has terminated.
Mono: successfully reloaded assembly
- Completed reload, in  0.747 seconds
Platform modules already initialized, skipping
Refreshing native plugins compatible for Editor in 0.20 ms, found 0 plugins.
Preloading 0 native plugins for Editor in 0.00 ms.
Unloading 1129 Unused Serialized files (Serialized files now loaded: 0)
System memory in use before: 73.1 MB.
System memory in use after: 73.2 MB.

Unloading 5 unused Assets to reduce memory usage. Loaded Objects now: 1590.
Total: 1.901600 ms (FindLiveObjects: 0.258700 ms CreateObjectMapping: 0.089100 ms MarkObjects: 1.464300 ms  DeleteObjects: 0.088100 ms)

========================================================================
Received Import Request.
  Time since last request: 65.809709 seconds.
  path: Assets/Scripts/3/PlayerNavMesh.cs
  artifactKey: Guid(1a5c2d40f485ef8489c4e9d6853e3f30) Importer(815301076,1909f56bfc062723c751e8b465ee728b)
Start importing Assets/Scripts/3/PlayerNavMesh.cs using Guid(1a5c2d40f485ef8489c4e9d6853e3f30) Importer(815301076,1909f56bfc062723c751e8b465ee728b)  -> (artifact id: '742c2ba5ad1adc5668fe1e6fc501c0d9') in 0.007439 seconds
  Import took 0.009271 seconds .

========================================================================
Received Import Request.
  Time since last request: 0.025030 seconds.
  path: Assets/Scripts/3/PlayerNavMesh.cs
  artifactKey: Guid(1a5c2d40f485ef8489c4e9d6853e3f30) Importer(815301076,1909f56bfc062723c751e8b465ee728b)
Start importing Assets/Scripts/3/PlayerNavMesh.cs using Guid(1a5c2d40f485ef8489c4e9d6853e3f30) Importer(815301076,1909f56bfc062723c751e8b465ee728b)  -> (artifact id: '742c2ba5ad1adc5668fe1e6fc501c0d9') in 0.002949 seconds
  Import took 0.005230 seconds .

========================================================================
Received Prepare
Registering precompiled user dll's ...
Registered in 0.000640 seconds.
Begin MonoManager ReloadAssembly
Native extension for WindowsStandalone target not found
Refreshing native plugins compatible for Editor in 0.19 ms, found 0 plugins.
Preloading 0 native plugins for Editor in 0.00 ms.
Invoked RoslynAnalysisRunner static constructor.
RoslynAnalysisRunner will not be running.
RoslynAnalysisRunner has terminated.
Mono: successfully reloaded assembly
- Completed reload, in  0.735 seconds
Platform modules already initialized, skipping
Refreshing native plugins compatible for Editor in 0.20 ms, found 0 plugins.
Preloading 0 native plugins for Editor in 0.00 ms.
Unloading 1129 Unused Serialized files (Serialized files now loaded: 0)
System memory in use before: 73.3 MB.
System memory in use after: 73.4 MB.

Unloading 5 unused Assets to reduce memory usage. Loaded Objects now: 1592.
Total: 1.649500 ms (FindLiveObjects: 0.139700 ms CreateObjectMapping: 0.034100 ms MarkObjects: 1.430900 ms  DeleteObjects: 0.043800 ms)

========================================================================
Received Prepare
Registering precompiled user dll's ...
Registered in 0.000624 seconds.
Begin MonoManager ReloadAssembly
Native extension for WindowsStandalone target not found
Refreshing native plugins compatible for Editor in 0.20 ms, found 0 plugins.
Preloading 0 native plugins for Editor in 0.00 ms.
Invoked RoslynAnalysisRunner static constructor.
RoslynAnalysisRunner will not be running.
RoslynAnalysisRunner has terminated.
Mono: successfully reloaded assembly
- Completed reload, in  0.713 seconds
Platform modules already initialized, skipping
Refreshing native plugins compatible for Editor in 0.19 ms, found 0 plugins.
Preloading 0 native plugins for Editor in 0.00 ms.
Unloading 1129 Unused Serialized files (Serialized files now loaded: 0)
System memory in use before: 73.7 MB.
System memory in use after: 73.8 MB.

Unloading 5 unused Assets to reduce memory usage. Loaded Objects now: 1594.
Total: 2.091500 ms (FindLiveObjects: 0.151800 ms CreateObjectMapping: 0.051000 ms MarkObjects: 1.840200 ms  DeleteObjects: 0.047300 ms)

========================================================================
Received Prepare
Registering precompiled user dll's ...
Registered in 0.000680 seconds.
Begin MonoManager ReloadAssembly
Native extension for WindowsStandalone target not found
Refreshing native plugins compatible for Editor in 0.19 ms, found 0 plugins.
Preloading 0 native plugins for Editor in 0.00 ms.
Invoked RoslynAnalysisRunner static constructor.
RoslynAnalysisRunner will not be running.
RoslynAnalysisRunner has terminated.
Mono: successfully reloaded assembly
- Completed reload, in  0.747 seconds
Platform modules already initialized, skipping
Refreshing native plugins compatible for Editor in 0.20 ms, found 0 plugins.
Preloading 0 native plugins for Editor in 0.00 ms.
Unloading 1129 Unused Serialized files (Serialized files now loaded: 0)
System memory in use before: 74.0 MB.
System memory in use after: 74.0 MB.

Unloading 5 unused Assets to reduce memory usage. Loaded Objects now: 1596.
Total: 1.747300 ms (FindLiveObjects: 0.151700 ms CreateObjectMapping: 0.054300 ms MarkObjects: 1.488700 ms  DeleteObjects: 0.051600 ms)

========================================================================
Received Import Request.
  Time since last request: 392.887223 seconds.
  path: Assets/Scripts/3/LocomotionSimpleAgent.cs
  artifactKey: Guid(066c5a805ece4054a807115ac5ba2177) Importer(815301076,1909f56bfc062723c751e8b465ee728b)
Start importing Assets/Scripts/3/LocomotionSimpleAgent.cs using Guid(066c5a805ece4054a807115ac5ba2177) Importer(815301076,1909f56bfc062723c751e8b465ee728b)  -> (artifact id: 'cd87340f93ceac96f7a2d778c85a5453') in 0.016048 seconds
  Import took 0.021317 seconds .

========================================================================
Received Import Request.
  Time since last request: 0.029134 seconds.
  path: Assets/Scripts/3/LocomotionSimpleAgent.cs
  artifactKey: Guid(066c5a805ece4054a807115ac5ba2177) Importer(815301076,1909f56bfc062723c751e8b465ee728b)
Start importing Assets/Scripts/3/LocomotionSimpleAgent.cs using Guid(066c5a805ece4054a807115ac5ba2177) Importer(815301076,1909f56bfc062723c751e8b465ee728b)  -> (artifact id: 'cd87340f93ceac96f7a2d778c85a5453') in 0.004430 seconds
  Import took 0.007740 seconds .

========================================================================
Received Prepare
Registering precompiled user dll's ...
Registered in 0.000746 seconds.
Begin MonoManager ReloadAssembly
Native extension for WindowsStandalone target not found
Refreshing native plugins compatible for Editor in 0.20 ms, found 0 plugins.
Preloading 0 native plugins for Editor in 0.00 ms.
Invoked RoslynAnalysisRunner static constructor.
RoslynAnalysisRunner will not be running.
RoslynAnalysisRunner has terminated.
Mono: successfully reloaded assembly
- Completed reload, in  0.753 seconds
Platform modules already initialized, skipping
Refreshing native plugins compatible for Editor in 0.23 ms, found 0 plugins.
Preloading 0 native plugins for Editor in 0.00 ms.
Unloading 1129 Unused Serialized files (Serialized files now loaded: 0)
System memory in use before: 74.2 MB.
System memory in use after: 74.3 MB.

Unloading 5 unused Assets to reduce memory usage. Loaded Objects now: 1598.
Total: 2.443200 ms (FindLiveObjects: 0.133900 ms CreateObjectMapping: 0.045800 ms MarkObjects: 2.180700 ms  DeleteObjects: 0.081700 ms)

========================================================================
Received Import Request.
  Time since last request: 276.745653 seconds.
  path: Assets/Animations/3/TestControlleranimation.controller
  artifactKey: Guid(cbb76cddad55d0a46b4e5cff610fcdbd) Importer(815301076,1909f56bfc062723c751e8b465ee728b)
Start importing Assets/Animations/3/TestControlleranimation.controller using Guid(cbb76cddad55d0a46b4e5cff610fcdbd) Importer(815301076,1909f56bfc062723c751e8b465ee728b)  -> (artifact id: '4d663a62bdaa42b93f74c23dfeff45ed') in 0.019575 seconds
  Import took 0.021916 seconds .

========================================================================
Received Import Request.
  Time since last request: 84.656624 seconds.
  path: Assets/Animations/3/ControllerAnimaton.controller
  artifactKey: Guid(a7a11f8a59830db41b7fe11220e83c34) Importer(815301076,1909f56bfc062723c751e8b465ee728b)
Start importing Assets/Animations/3/ControllerAnimaton.controller using Guid(a7a11f8a59830db41b7fe11220e83c34) Importer(815301076,1909f56bfc062723c751e8b465ee728b)  -> (artifact id: '898e8bbf7f680686099cbd3972639d20') in 0.012970 seconds
  Import took 0.015853 seconds .

========================================================================
Received Prepare
Registering precompiled user dll's ...
Registered in 0.000883 seconds.
Begin MonoManager ReloadAssembly
Native extension for WindowsStandalone target not found
Refreshing native plugins compatible for Editor in 0.19 ms, found 0 plugins.
Preloading 0 native plugins for Editor in 0.00 ms.
Invoked RoslynAnalysisRunner static constructor.
RoslynAnalysisRunner will not be running.
RoslynAnalysisRunner has terminated.
Mono: successfully reloaded assembly
- Completed reload, in  0.701 seconds
Platform modules already initialized, skipping
Refreshing native plugins compatible for Editor in 0.19 ms, found 0 plugins.
Preloading 0 native plugins for Editor in 0.00 ms.
Unloading 1129 Unused Serialized files (Serialized files now loaded: 0)
System memory in use before: 74.4 MB.
System memory in use after: 74.4 MB.

Unloading 5 unused Assets to reduce memory usage. Loaded Objects now: 1600.
Total: 1.701500 ms (FindLiveObjects: 0.145300 ms CreateObjectMapping: 0.042600 ms MarkObjects: 1.464200 ms  DeleteObjects: 0.048500 ms)

========================================================================
Received Prepare
Registering precompiled user dll's ...
Registered in 0.000657 seconds.
Begin MonoManager ReloadAssembly
Native extension for WindowsStandalone target not found
Refreshing native plugins compatible for Editor in 0.19 ms, found 0 plugins.
Preloading 0 native plugins for Editor in 0.00 ms.
Invoked RoslynAnalysisRunner static constructor.
RoslynAnalysisRunner will not be running.
RoslynAnalysisRunner has terminated.
Mono: successfully reloaded assembly
- Completed reload, in  0.754 seconds
Platform modules already initialized, skipping
Refreshing native plugins compatible for Editor in 0.24 ms, found 0 plugins.
Preloading 0 native plugins for Editor in 0.00 ms.
Unloading 1129 Unused Serialized files (Serialized files now loaded: 0)
System memory in use before: 73.8 MB.
System memory in use after: 73.8 MB.

Unloading 5 unused Assets to reduce memory usage. Loaded Objects now: 1602.
Total: 2.498700 ms (FindLiveObjects: 0.258200 ms CreateObjectMapping: 0.093100 ms MarkObjects: 2.080100 ms  DeleteObjects: 0.066200 ms)

========================================================================
Received Prepare
Registering precompiled user dll's ...
Registered in 0.000733 seconds.
Begin MonoManager ReloadAssembly
Native extension for WindowsStandalone target not found
Refreshing native plugins compatible for Editor in 0.19 ms, found 0 plugins.
Preloading 0 native plugins for Editor in 0.00 ms.
Invoked RoslynAnalysisRunner static constructor.
RoslynAnalysisRunner will not be running.
RoslynAnalysisRunner has terminated.
Mono: successfully reloaded assembly
- Completed reload, in  0.734 seconds
Platform modules already initialized, skipping
Refreshing native plugins compatible for Editor in 0.21 ms, found 0 plugins.
Preloading 0 native plugins for Editor in 0.00 ms.
Unloading 1129 Unused Serialized files (Serialized files now loaded: 0)
System memory in use before: 74.0 MB.
System memory in use after: 74.1 MB.

Unloading 5 unused Assets to reduce memory usage. Loaded Objects now: 1604.
Total: 1.745000 ms (FindLiveObjects: 0.171900 ms CreateObjectMapping: 0.039600 ms MarkObjects: 1.481900 ms  DeleteObjects: 0.049900 ms)

========================================================================
Received Prepare
Registering precompiled user dll's ...
Registered in 0.000640 seconds.
Begin MonoManager ReloadAssembly
Native extension for WindowsStandalone target not found
Refreshing native plugins compatible for Editor in 0.19 ms, found 0 plugins.
Preloading 0 native plugins for Editor in 0.00 ms.
Invoked RoslynAnalysisRunner static constructor.
RoslynAnalysisRunner will not be running.
RoslynAnalysisRunner has terminated.
Mono: successfully reloaded assembly
- Completed reload, in  0.719 seconds
Platform modules already initialized, skipping
Refreshing native plugins compatible for Editor in 0.19 ms, found 0 plugins.
Preloading 0 native plugins for Editor in 0.00 ms.
Unloading 1129 Unused Serialized files (Serialized files now loaded: 0)
System memory in use before: 74.3 MB.
System memory in use after: 74.4 MB.

Unloading 5 unused Assets to reduce memory usage. Loaded Objects now: 1606.
Total: 2.020000 ms (FindLiveObjects: 0.164500 ms CreateObjectMapping: 0.032900 ms MarkObjects: 1.758100 ms  DeleteObjects: 0.063400 ms)

========================================================================
Received Prepare
Registering precompiled user dll's ...
Registered in 0.000640 seconds.
Begin MonoManager ReloadAssembly
Native extension for WindowsStandalone target not found
Refreshing native plugins compatible for Editor in 0.19 ms, found 0 plugins.
Preloading 0 native plugins for Editor in 0.00 ms.
Invoked RoslynAnalysisRunner static constructor.
RoslynAnalysisRunner will not be running.
RoslynAnalysisRunner has terminated.
Mono: successfully reloaded assembly
- Completed reload, in  0.766 seconds
Platform modules already initialized, skipping
Refreshing native plugins compatible for Editor in 0.19 ms, found 0 plugins.
Preloading 0 native plugins for Editor in 0.00 ms.
Unloading 1129 Unused Serialized files (Serialized files now loaded: 0)
System memory in use before: 74.4 MB.
System memory in use after: 74.5 MB.

Unloading 5 unused Assets to reduce memory usage. Loaded Objects now: 1608.
Total: 1.669300 ms (FindLiveObjects: 0.235500 ms CreateObjectMapping: 0.101300 ms MarkObjects: 1.268500 ms  DeleteObjects: 0.062800 ms)

========================================================================
Received Import Request.
  Time since last request: 960.193932 seconds.
  path: Assets/Animations/3/xbot@Dancing Running Man.fbx
  artifactKey: Guid(f1d6473e4f1764a4692e906588190950) Importer(815301076,1909f56bfc062723c751e8b465ee728b)
Start importing Assets/Animations/3/xbot@Dancing Running Man.fbx using Guid(f1d6473e4f1764a4692e906588190950) Importer(815301076,1909f56bfc062723c751e8b465ee728b)  -> (artifact id: '30c93d0c1725c1df7941757887cd91fd') in 0.167919 seconds
  Import took 0.170326 seconds .

========================================================================
Received Import Request.
  Time since last request: 27.961514 seconds.
  path: Assets/Animations/3/xbot@Dancing Running Man.fbx
  artifactKey: Guid(f1d6473e4f1764a4692e906588190950) Importer(815301076,1909f56bfc062723c751e8b465ee728b)
Start importing Assets/Animations/3/xbot@Dancing Running Man.fbx using Guid(f1d6473e4f1764a4692e906588190950) Importer(815301076,1909f56bfc062723c751e8b465ee728b)  -> (artifact id: '972218a124bf5ec447648af8b48e4f62') in 0.081219 seconds
  Import took 0.085425 seconds .

========================================================================
Received Prepare
Registering precompiled user dll's ...
Registered in 0.001068 seconds.
Begin MonoManager ReloadAssembly
Native extension for WindowsStandalone target not found
Refreshing native plugins compatible for Editor in 0.28 ms, found 0 plugins.
Preloading 0 native plugins for Editor in 0.00 ms.
Invoked RoslynAnalysisRunner static constructor.
RoslynAnalysisRunner will not be running.
RoslynAnalysisRunner has terminated.
Mono: successfully reloaded assembly
- Completed reload, in  1.353 seconds
Platform modules already initialized, skipping
Refreshing native plugins compatible for Editor in 0.28 ms, found 0 plugins.
Preloading 0 native plugins for Editor in 0.00 ms.
Unloading 1129 Unused Serialized files (Serialized files now loaded: 0)
System memory in use before: 74.3 MB.
System memory in use after: 74.4 MB.

Unloading 5 unused Assets to reduce memory usage. Loaded Objects now: 1647.
Total: 2.450100 ms (FindLiveObjects: 0.233900 ms CreateObjectMapping: 0.084800 ms MarkObjects: 2.052000 ms  DeleteObjects: 0.077300 ms)

========================================================================
Received Prepare
Registering precompiled user dll's ...
Registered in 0.000675 seconds.
Begin MonoManager ReloadAssembly
Native extension for WindowsStandalone target not found
Refreshing native plugins compatible for Editor in 0.31 ms, found 0 plugins.
Preloading 0 native plugins for Editor in 0.00 ms.
Invoked RoslynAnalysisRunner static constructor.
RoslynAnalysisRunner will not be running.
RoslynAnalysisRunner has terminated.
Mono: successfully reloaded assembly
- Completed reload, in  0.789 seconds
Platform modules already initialized, skipping
Refreshing native plugins compatible for Editor in 0.21 ms, found 0 plugins.
Preloading 0 native plugins for Editor in 0.00 ms.
Unloading 1129 Unused Serialized files (Serialized files now loaded: 0)
System memory in use before: 74.6 MB.
System memory in use after: 74.6 MB.

Unloading 5 unused Assets to reduce memory usage. Loaded Objects now: 1649.
Total: 1.659500 ms (FindLiveObjects: 0.138900 ms CreateObjectMapping: 0.038800 ms MarkObjects: 1.427900 ms  DeleteObjects: 0.052600 ms)

========================================================================
Received Prepare
Registering precompiled user dll's ...
Registered in 0.001646 seconds.
Begin MonoManager ReloadAssembly
Native extension for WindowsStandalone target not found
Refreshing native plugins compatible for Editor in 0.30 ms, found 0 plugins.
Preloading 0 native plugins for Editor in 0.00 ms.
Invoked RoslynAnalysisRunner static constructor.
RoslynAnalysisRunner will not be running.
RoslynAnalysisRunner has terminated.
Mono: successfully reloaded assembly
- Completed reload, in  1.353 seconds
Platform modules already initialized, skipping
Refreshing native plugins compatible for Editor in 0.31 ms, found 0 plugins.
Preloading 0 native plugins for Editor in 0.00 ms.
Unloading 1129 Unused Serialized files (Serialized files now loaded: 0)
System memory in use before: 74.8 MB.
System memory in use after: 74.9 MB.

Unloading 5 unused Assets to reduce memory usage. Loaded Objects now: 1651.
Total: 2.655800 ms (FindLiveObjects: 0.366000 ms CreateObjectMapping: 0.099500 ms MarkObjects: 2.101500 ms  DeleteObjects: 0.086500 ms)

========================================================================
Received Prepare
Registering precompiled user dll's ...
Registered in 0.000901 seconds.
Begin MonoManager ReloadAssembly
Native extension for WindowsStandalone target not found
Refreshing native plugins compatible for Editor in 0.20 ms, found 0 plugins.
Preloading 0 native plugins for Editor in 0.00 ms.
Invoked RoslynAnalysisRunner static constructor.
RoslynAnalysisRunner will not be running.
RoslynAnalysisRunner has terminated.
Mono: successfully reloaded assembly
- Completed reload, in  0.744 seconds
Platform modules already initialized, skipping
Refreshing native plugins compatible for Editor in 0.21 ms, found 0 plugins.
Preloading 0 native plugins for Editor in 0.00 ms.
Unloading 1129 Unused Serialized files (Serialized files now loaded: 0)
System memory in use before: 74.1 MB.
System memory in use after: 74.2 MB.

Unloading 5 unused Assets to reduce memory usage. Loaded Objects now: 1653.
Total: 2.015900 ms (FindLiveObjects: 0.169800 ms CreateObjectMapping: 0.051300 ms MarkObjects: 1.732500 ms  DeleteObjects: 0.060800 ms)

========================================================================
Received Import Request.
  Time since last request: 17352.738120 seconds.
  path: ProjectSettings/TagManager.asset
  artifactKey: Guid(00000000000000003000000000000000) Importer(815301076,1909f56bfc062723c751e8b465ee728b)
Start importing ProjectSettings/TagManager.asset using Guid(00000000000000003000000000000000) Importer(815301076,1909f56bfc062723c751e8b465ee728b)  -> (artifact id: '8db58c6e83ebf4988dbae0ce79da3276') in 0.016802 seconds
  Import took 0.019052 seconds .

========================================================================
Received Import Request.
  Time since last request: 22.548085 seconds.
  path: Assets/Scripts/3/PlayerNavMesh.cs
  artifactKey: Guid(1a5c2d40f485ef8489c4e9d6853e3f30) Importer(815301076,1909f56bfc062723c751e8b465ee728b)
Start importing Assets/Scripts/3/PlayerNavMesh.cs using Guid(1a5c2d40f485ef8489c4e9d6853e3f30) Importer(815301076,1909f56bfc062723c751e8b465ee728b)  -> (artifact id: '4c9665606745f321a01b47e31371226c') in 0.006469 seconds
  Import took 0.008339 seconds .

========================================================================
Received Import Request.
  Time since last request: 0.023319 seconds.
  path: Assets/Scripts/3/PlayerNavMesh.cs
  artifactKey: Guid(1a5c2d40f485ef8489c4e9d6853e3f30) Importer(815301076,1909f56bfc062723c751e8b465ee728b)
Start importing Assets/Scripts/3/PlayerNavMesh.cs using Guid(1a5c2d40f485ef8489c4e9d6853e3f30) Importer(815301076,1909f56bfc062723c751e8b465ee728b)  -> (artifact id: '4c9665606745f321a01b47e31371226c') in 0.002466 seconds
  Import took 0.004988 seconds .

========================================================================
Received Prepare
Registering precompiled user dll's ...
Registered in 0.000708 seconds.
Begin MonoManager ReloadAssembly
Native extension for WindowsStandalone target not found
Refreshing native plugins compatible for Editor in 0.19 ms, found 0 plugins.
Preloading 0 native plugins for Editor in 0.00 ms.
Invoked RoslynAnalysisRunner static constructor.
RoslynAnalysisRunner will not be running.
RoslynAnalysisRunner has terminated.
Mono: successfully reloaded assembly
- Completed reload, in  0.739 seconds
Platform modules already initialized, skipping
Refreshing native plugins compatible for Editor in 0.19 ms, found 0 plugins.
Preloading 0 native plugins for Editor in 0.00 ms.
Unloading 1129 Unused Serialized files (Serialized files now loaded: 0)
System memory in use before: 74.4 MB.
System memory in use after: 74.5 MB.

Unloading 6 unused Assets to reduce memory usage. Loaded Objects now: 1655.
Total: 1.829300 ms (FindLiveObjects: 0.134400 ms CreateObjectMapping: 0.040900 ms MarkObjects: 1.602700 ms  DeleteObjects: 0.050500 ms)

========================================================================
Received Import Request.
  Time since last request: 186.214016 seconds.
  path: Assets/Scripts/3/PlayerNavMesh.cs
  artifactKey: Guid(1a5c2d40f485ef8489c4e9d6853e3f30) Importer(815301076,1909f56bfc062723c751e8b465ee728b)
Start importing Assets/Scripts/3/PlayerNavMesh.cs using Guid(1a5c2d40f485ef8489c4e9d6853e3f30) Importer(815301076,1909f56bfc062723c751e8b465ee728b)  -> (artifact id: '8f121daa5c1f8f9bed307eb7656538a7') in 0.003488 seconds
  Import took 0.005320 seconds .

========================================================================
Received Prepare
Registering precompiled user dll's ...
Registered in 0.000647 seconds.
Begin MonoManager ReloadAssembly
Native extension for WindowsStandalone target not found
Refreshing native plugins compatible for Editor in 0.19 ms, found 0 plugins.
Preloading 0 native plugins for Editor in 0.00 ms.
Invoked RoslynAnalysisRunner static constructor.
RoslynAnalysisRunner will not be running.
RoslynAnalysisRunner has terminated.
Mono: successfully reloaded assembly
- Completed reload, in  0.760 seconds
Platform modules already initialized, skipping
Refreshing native plugins compatible for Editor in 0.20 ms, found 0 plugins.
Preloading 0 native plugins for Editor in 0.00 ms.
Unloading 1129 Unused Serialized files (Serialized files now loaded: 0)
System memory in use before: 74.7 MB.
System memory in use after: 74.8 MB.

Unloading 5 unused Assets to reduce memory usage. Loaded Objects now: 1657.
Total: 1.879300 ms (FindLiveObjects: 0.141400 ms CreateObjectMapping: 0.038000 ms MarkObjects: 1.653000 ms  DeleteObjects: 0.046000 ms)

========================================================================
Received Import Request.
  Time since last request: 15.413422 seconds.
  path: Assets/Scripts/3/PlayerNavMesh.cs
  artifactKey: Guid(1a5c2d40f485ef8489c4e9d6853e3f30) Importer(815301076,1909f56bfc062723c751e8b465ee728b)
Start importing Assets/Scripts/3/PlayerNavMesh.cs using Guid(1a5c2d40f485ef8489c4e9d6853e3f30) Importer(815301076,1909f56bfc062723c751e8b465ee728b)  -> (artifact id: '12870a4ce9d12534b197dd821898039e') in 0.003712 seconds
  Import took 0.005729 seconds .

========================================================================
Received Prepare
Registering precompiled user dll's ...
Registered in 0.000632 seconds.
Begin MonoManager ReloadAssembly
Native extension for WindowsStandalone target not found
Refreshing native plugins compatible for Editor in 0.20 ms, found 0 plugins.
Preloading 0 native plugins for Editor in 0.00 ms.
Invoked RoslynAnalysisRunner static constructor.
RoslynAnalysisRunner will not be running.
RoslynAnalysisRunner has terminated.
Mono: successfully reloaded assembly
- Completed reload, in  0.795 seconds
Platform modules already initialized, skipping
Refreshing native plugins compatible for Editor in 0.20 ms, found 0 plugins.
Preloading 0 native plugins for Editor in 0.00 ms.
Unloading 1129 Unused Serialized files (Serialized files now loaded: 0)
System memory in use before: 74.8 MB.
System memory in use after: 74.9 MB.

Unloading 5 unused Assets to reduce memory usage. Loaded Objects now: 1659.
Total: 1.863800 ms (FindLiveObjects: 0.245700 ms CreateObjectMapping: 0.039700 ms MarkObjects: 1.529200 ms  DeleteObjects: 0.048300 ms)

========================================================================
Received Prepare
Registering precompiled user dll's ...
Registered in 0.000638 seconds.
Begin MonoManager ReloadAssembly
Native extension for WindowsStandalone target not found
Refreshing native plugins compatible for Editor in 0.20 ms, found 0 plugins.
Preloading 0 native plugins for Editor in 0.00 ms.
Invoked RoslynAnalysisRunner static constructor.
RoslynAnalysisRunner will not be running.
RoslynAnalysisRunner has terminated.
Mono: successfully reloaded assembly
- Completed reload, in  0.727 seconds
Platform modules already initialized, skipping
Refreshing native plugins compatible for Editor in 0.21 ms, found 0 plugins.
Preloading 0 native plugins for Editor in 0.00 ms.
Unloading 1129 Unused Serialized files (Serialized files now loaded: 0)
System memory in use before: 74.2 MB.
System memory in use after: 74.3 MB.

Unloading 5 unused Assets to reduce memory usage. Loaded Objects now: 1661.
Total: 2.042100 ms (FindLiveObjects: 0.292200 ms CreateObjectMapping: 0.109500 ms MarkObjects: 1.591400 ms  DeleteObjects: 0.048200 ms)

========================================================================
Received Prepare
Registering precompiled user dll's ...
Registered in 0.000616 seconds.
Begin MonoManager ReloadAssembly
Native extension for WindowsStandalone target not found
Refreshing native plugins compatible for Editor in 0.21 ms, found 0 plugins.
Preloading 0 native plugins for Editor in 0.00 ms.
Invoked RoslynAnalysisRunner static constructor.
RoslynAnalysisRunner will not be running.
RoslynAnalysisRunner has terminated.
Mono: successfully reloaded assembly
- Completed reload, in  0.753 seconds
Platform modules already initialized, skipping
Refreshing native plugins compatible for Editor in 0.20 ms, found 0 plugins.
Preloading 0 native plugins for Editor in 0.00 ms.
Unloading 1129 Unused Serialized files (Serialized files now loaded: 0)
System memory in use before: 74.5 MB.
System memory in use after: 74.6 MB.

Unloading 5 unused Assets to reduce memory usage. Loaded Objects now: 1663.
Total: 1.655100 ms (FindLiveObjects: 0.142400 ms CreateObjectMapping: 0.037900 ms MarkObjects: 1.416700 ms  DeleteObjects: 0.056500 ms)

========================================================================
Received Prepare
Registering precompiled user dll's ...
Registered in 0.000653 seconds.
Begin MonoManager ReloadAssembly
Native extension for WindowsStandalone target not found
Refreshing native plugins compatible for Editor in 0.19 ms, found 0 plugins.
Preloading 0 native plugins for Editor in 0.00 ms.
Invoked RoslynAnalysisRunner static constructor.
RoslynAnalysisRunner will not be running.
RoslynAnalysisRunner has terminated.
Mono: successfully reloaded assembly
- Completed reload, in  0.748 seconds
Platform modules already initialized, skipping
Refreshing native plugins compatible for Editor in 0.21 ms, found 0 plugins.
Preloading 0 native plugins for Editor in 0.00 ms.
Unloading 1129 Unused Serialized files (Serialized files now loaded: 0)
System memory in use before: 74.8 MB.
System memory in use after: 74.9 MB.

Unloading 5 unused Assets to reduce memory usage. Loaded Objects now: 1665.
Total: 1.969400 ms (FindLiveObjects: 0.262500 ms CreateObjectMapping: 0.097800 ms MarkObjects: 1.558800 ms  DeleteObjects: 0.049100 ms)

========================================================================
Received Prepare
Registering precompiled user dll's ...
Registered in 0.000642 seconds.
Begin MonoManager ReloadAssembly
Native extension for WindowsStandalone target not found
Refreshing native plugins compatible for Editor in 0.19 ms, found 0 plugins.
Preloading 0 native plugins for Editor in 0.00 ms.
Invoked RoslynAnalysisRunner static constructor.
RoslynAnalysisRunner will not be running.
RoslynAnalysisRunner has terminated.
Mono: successfully reloaded assembly
- Completed reload, in  0.713 seconds
Platform modules already initialized, skipping
Refreshing native plugins compatible for Editor in 0.22 ms, found 0 plugins.
Preloading 0 native plugins for Editor in 0.00 ms.
Unloading 1129 Unused Serialized files (Serialized files now loaded: 0)
System memory in use before: 74.8 MB.
System memory in use after: 74.9 MB.

Unloading 5 unused Assets to reduce memory usage. Loaded Objects now: 1667.
Total: 1.962100 ms (FindLiveObjects: 0.133300 ms CreateObjectMapping: 0.039800 ms MarkObjects: 1.736000 ms  DeleteObjects: 0.051500 ms)

========================================================================
Received Prepare
Registering precompiled user dll's ...
Registered in 0.000753 seconds.
Begin MonoManager ReloadAssembly
Native extension for WindowsStandalone target not found
Refreshing native plugins compatible for Editor in 0.20 ms, found 0 plugins.
Preloading 0 native plugins for Editor in 0.00 ms.
Invoked RoslynAnalysisRunner static constructor.
RoslynAnalysisRunner will not be running.
RoslynAnalysisRunner has terminated.
Mono: successfully reloaded assembly
- Completed reload, in  0.714 seconds
Platform modules already initialized, skipping
Refreshing native plugins compatible for Editor in 0.19 ms, found 0 plugins.
Preloading 0 native plugins for Editor in 0.00 ms.
Unloading 1129 Unused Serialized files (Serialized files now loaded: 0)
System memory in use before: 74.4 MB.
System memory in use after: 74.4 MB.

Unloading 5 unused Assets to reduce memory usage. Loaded Objects now: 1669.
Total: 1.929900 ms (FindLiveObjects: 0.218500 ms CreateObjectMapping: 0.075200 ms MarkObjects: 1.579900 ms  DeleteObjects: 0.055100 ms)

========================================================================
Received Prepare
Registering precompiled user dll's ...
Registered in 0.000662 seconds.
Begin MonoManager ReloadAssembly
Native extension for WindowsStandalone target not found
Refreshing native plugins compatible for Editor in 0.21 ms, found 0 plugins.
Preloading 0 native plugins for Editor in 0.00 ms.
Invoked RoslynAnalysisRunner static constructor.
RoslynAnalysisRunner will not be running.
RoslynAnalysisRunner has terminated.
Mono: successfully reloaded assembly
- Completed reload, in  0.705 seconds
Platform modules already initialized, skipping
Refreshing native plugins compatible for Editor in 0.21 ms, found 0 plugins.
Preloading 0 native plugins for Editor in 0.00 ms.
Unloading 1129 Unused Serialized files (Serialized files now loaded: 0)
System memory in use before: 74.6 MB.
System memory in use after: 74.7 MB.

Unloading 5 unused Assets to reduce memory usage. Loaded Objects now: 1671.
Total: 1.920400 ms (FindLiveObjects: 0.172600 ms CreateObjectMapping: 0.062800 ms MarkObjects: 1.629100 ms  DeleteObjects: 0.054300 ms)

AssetImportWorkerClient::OnTransportError - code=2 error=End of file
